2019-01-03 11:49:40 Notice: Notice (8): Array to string conversion in [/var/www/MISP/app/Lib/cakephp/lib/Cake/Model/Datasource/Database/Mysql.php, line 909]
Trace:
ErrorHandler::handleError() - APP/Lib/cakephp/lib/Cake/Error/ErrorHandler.php, line 230
PDOStatement::bindValue() - [internal], line ??
Mysql::insertMulti() - APP/Lib/cakephp/lib/Cake/Model/Datasource/Database/Mysql.php, line 909
Galaxy::update() - APP/Model/Galaxy.php, line 176
GalaxiesController::update() - APP/Controller/GalaxiesController.php, line 40
ReflectionMethod::invokeArgs() - [internal], line ??
Controller::invokeAction() - APP/Lib/cakephp/lib/Cake/Controller/Controller.php, line 491
Dispatcher::_invoke() - APP/Lib/cakephp/lib/Cake/Routing/Dispatcher.php, line 193
Dispatcher::dispatch() - APP/Lib/cakephp/lib/Cake/Routing/Dispatcher.php, line 167
[main] - APP/webroot/index.php, line 92

2019-01-03 11:54:03 Notice: Notice (8): Undefined index: email in [/var/www/MISP/app/Controller/UsersController.php, line 1255]
Trace:
ErrorHandler::handleError() - APP/Lib/cakephp/lib/Cake/Error/ErrorHandler.php, line 230
UsersController::__extralog() - APP/Controller/UsersController.php, line 1255
UsersController::change_pw() - APP/Controller/UsersController.php, line 200
ReflectionMethod::invokeArgs() - [internal], line ??
Controller::invokeAction() - APP/Lib/cakephp/lib/Cake/Controller/Controller.php, line 491
Dispatcher::_invoke() - APP/Lib/cakephp/lib/Cake/Routing/Dispatcher.php, line 193
Dispatcher::dispatch() - APP/Lib/cakephp/lib/Cake/Routing/Dispatcher.php, line 167
[main] - APP/webroot/index.php, line 92

2019-01-03 11:54:03 Notice: Notice (8): Undefined index: User in [/var/www/MISP/app/Controller/UsersController.php, line 1249]
Trace:
ErrorHandler::handleError() - APP/Lib/cakephp/lib/Cake/Error/ErrorHandler.php, line 230
UsersController::__extralog() - APP/Controller/UsersController.php, line 1249
UsersController::login() - APP/Controller/UsersController.php, line 963
ReflectionMethod::invokeArgs() - [internal], line ??
Controller::invokeAction() - APP/Lib/cakephp/lib/Cake/Controller/Controller.php, line 491
Dispatcher::_invoke() - APP/Lib/cakephp/lib/Cake/Routing/Dispatcher.php, line 193
Dispatcher::dispatch() - APP/Lib/cakephp/lib/Cake/Routing/Dispatcher.php, line 167
[main] - APP/webroot/index.php, line 92

2019-01-03 19:06:53 Notice: Notice (8): Undefined index: email in [/var/www/MISP/app/Controller/UsersController.php, line 1255]
Trace:
ErrorHandler::handleError() - APP/Lib/cakephp/lib/Cake/Error/ErrorHandler.php, line 230
UsersController::__extralog() - APP/Controller/UsersController.php, line 1255
UsersController::change_pw() - APP/Controller/UsersController.php, line 200
ReflectionMethod::invokeArgs() - [internal], line ??
Controller::invokeAction() - APP/Lib/cakephp/lib/Cake/Controller/Controller.php, line 491
Dispatcher::_invoke() - APP/Lib/cakephp/lib/Cake/Routing/Dispatcher.php, line 193
Dispatcher::dispatch() - APP/Lib/cakephp/lib/Cake/Routing/Dispatcher.php, line 167
[main] - APP/webroot/index.php, line 92

2019-01-03 19:06:55 Notice: Notice (8): Undefined index: User in [/var/www/MISP/app/Controller/UsersController.php, line 1249]
Trace:
ErrorHandler::handleError() - APP/Lib/cakephp/lib/Cake/Error/ErrorHandler.php, line 230
UsersController::__extralog() - APP/Controller/UsersController.php, line 1249
UsersController::login() - APP/Controller/UsersController.php, line 963
ReflectionMethod::invokeArgs() - [internal], line ??
Controller::invokeAction() - APP/Lib/cakephp/lib/Cake/Controller/Controller.php, line 491
Dispatcher::_invoke() - APP/Lib/cakephp/lib/Cake/Routing/Dispatcher.php, line 193
Dispatcher::dispatch() - APP/Lib/cakephp/lib/Cake/Routing/Dispatcher.php, line 167
[main] - APP/webroot/index.php, line 92

2019-01-10 09:32:10 Notice: Notice (8): Undefined index: Attribute in [/var/www/MISP/app/Controller/ShadowAttributesController.php, line 865]
Trace:
ErrorHandler::handleError() - APP/Lib/cakephp/lib/Cake/Error/ErrorHandler.php, line 230
ShadowAttributesController::delete() - APP/Controller/ShadowAttributesController.php, line 865
ReflectionMethod::invokeArgs() - [internal], line ??
Controller::invokeAction() - APP/Lib/cakephp/lib/Cake/Controller/Controller.php, line 491
Dispatcher::_invoke() - APP/Lib/cakephp/lib/Cake/Routing/Dispatcher.php, line 193
Dispatcher::dispatch() - APP/Lib/cakephp/lib/Cake/Routing/Dispatcher.php, line 167
[main] - APP/webroot/index.php, line 92

2019-01-10 09:34:55 Notice: Notice (8): Undefined variable: errors in [/var/www/MISP/app/View/Elements/templateElements/populateTemplateFile.ctp, line 21]
Trace:
ErrorHandler::handleError() - APP/Lib/cakephp/lib/Cake/Error/ErrorHandler.php, line 230
include - APP/View/Elements/templateElements/populateTemplateFile.ctp, line 21
View::_evaluate() - APP/Lib/cakephp/lib/Cake/View/View.php, line 971
View::_render() - APP/Lib/cakephp/lib/Cake/View/View.php, line 933
View::_renderElement() - APP/Lib/cakephp/lib/Cake/View/View.php, line 1224
View::element() - APP/Lib/cakephp/lib/Cake/View/View.php, line 418
include - APP/View/Templates/populate_event_from_template.ctp, line 24
View::_evaluate() - APP/Lib/cakephp/lib/Cake/View/View.php, line 971
View::_render() - APP/Lib/cakephp/lib/Cake/View/View.php, line 933
View::render() - APP/Lib/cakephp/lib/Cake/View/View.php, line 473
Controller::render() - APP/Lib/cakephp/lib/Cake/Controller/Controller.php, line 963
Dispatcher::_invoke() - APP/Lib/cakephp/lib/Cake/Routing/Dispatcher.php, line 200
Dispatcher::dispatch() - APP/Lib/cakephp/lib/Cake/Routing/Dispatcher.php, line 167
[main] - APP/webroot/index.php, line 92

2019-01-10 09:34:55 Notice: Notice (8): Undefined variable: errors in [/var/www/MISP/app/View/Elements/templateElements/populateTemplateAttribute.ctp, line 68]
Trace:
ErrorHandler::handleError() - APP/Lib/cakephp/lib/Cake/Error/ErrorHandler.php, line 230
include - APP/View/Elements/templateElements/populateTemplateAttribute.ctp, line 68
View::_evaluate() - APP/Lib/cakephp/lib/Cake/View/View.php, line 971
View::_render() - APP/Lib/cakephp/lib/Cake/View/View.php, line 933
View::_renderElement() - APP/Lib/cakephp/lib/Cake/View/View.php, line 1224
View::element() - APP/Lib/cakephp/lib/Cake/View/View.php, line 418
include - APP/View/Templates/populate_event_from_template.ctp, line 24
View::_evaluate() - APP/Lib/cakephp/lib/Cake/View/View.php, line 971
View::_render() - APP/Lib/cakephp/lib/Cake/View/View.php, line 933
View::render() - APP/Lib/cakephp/lib/Cake/View/View.php, line 473
Controller::render() - APP/Lib/cakephp/lib/Cake/Controller/Controller.php, line 963
Dispatcher::_invoke() - APP/Lib/cakephp/lib/Cake/Routing/Dispatcher.php, line 200
Dispatcher::dispatch() - APP/Lib/cakephp/lib/Cake/Routing/Dispatcher.php, line 167
[main] - APP/webroot/index.php, line 92

2019-01-10 09:34:55 Notice: Notice (8): Undefined variable: errors in [/var/www/MISP/app/View/Elements/templateElements/populateTemplateAttribute.ctp, line 68]
Trace:
ErrorHandler::handleError() - APP/Lib/cakephp/lib/Cake/Error/ErrorHandler.php, line 230
include - APP/View/Elements/templateElements/populateTemplateAttribute.ctp, line 68
View::_evaluate() - APP/Lib/cakephp/lib/Cake/View/View.php, line 971
View::_render() - APP/Lib/cakephp/lib/Cake/View/View.php, line 933
View::_renderElement() - APP/Lib/cakephp/lib/Cake/View/View.php, line 1224
View::element() - APP/Lib/cakephp/lib/Cake/View/View.php, line 418
include - APP/View/Templates/populate_event_from_template.ctp, line 24
View::_evaluate() - APP/Lib/cakephp/lib/Cake/View/View.php, line 971
View::_render() - APP/Lib/cakephp/lib/Cake/View/View.php, line 933
View::render() - APP/Lib/cakephp/lib/Cake/View/View.php, line 473
Controller::render() - APP/Lib/cakephp/lib/Cake/Controller/Controller.php, line 963
Dispatcher::_invoke() - APP/Lib/cakephp/lib/Cake/Routing/Dispatcher.php, line 200
Dispatcher::dispatch() - APP/Lib/cakephp/lib/Cake/Routing/Dispatcher.php, line 167
[main] - APP/webroot/index.php, line 92

2019-01-10 09:34:55 Notice: Notice (8): Undefined variable: errors in [/var/www/MISP/app/View/Elements/templateElements/populateTemplateAttribute.ctp, line 68]
Trace:
ErrorHandler::handleError() - APP/Lib/cakephp/lib/Cake/Error/ErrorHandler.php, line 230
include - APP/View/Elements/templateElements/populateTemplateAttribute.ctp, line 68
View::_evaluate() - APP/Lib/cakephp/lib/Cake/View/View.php, line 971
View::_render() - APP/Lib/cakephp/lib/Cake/View/View.php, line 933
View::_renderElement() - APP/Lib/cakephp/lib/Cake/View/View.php, line 1224
View::element() - APP/Lib/cakephp/lib/Cake/View/View.php, line 418
include - APP/View/Templates/populate_event_from_template.ctp, line 24
View::_evaluate() - APP/Lib/cakephp/lib/Cake/View/View.php, line 971
View::_render() - APP/Lib/cakephp/lib/Cake/View/View.php, line 933
View::render() - APP/Lib/cakephp/lib/Cake/View/View.php, line 473
Controller::render() - APP/Lib/cakephp/lib/Cake/Controller/Controller.php, line 963
Dispatcher::_invoke() - APP/Lib/cakephp/lib/Cake/Routing/Dispatcher.php, line 200
Dispatcher::dispatch() - APP/Lib/cakephp/lib/Cake/Routing/Dispatcher.php, line 167
[main] - APP/webroot/index.php, line 92

2019-01-10 09:34:55 Notice: Notice (8): Undefined variable: errors in [/var/www/MISP/app/View/Elements/templateElements/populateTemplateAttribute.ctp, line 68]
Trace:
ErrorHandler::handleError() - APP/Lib/cakephp/lib/Cake/Error/ErrorHandler.php, line 230
include - APP/View/Elements/templateElements/populateTemplateAttribute.ctp, line 68
View::_evaluate() - APP/Lib/cakephp/lib/Cake/View/View.php, line 971
View::_render() - APP/Lib/cakephp/lib/Cake/View/View.php, line 933
View::_renderElement() - APP/Lib/cakephp/lib/Cake/View/View.php, line 1224
View::element() - APP/Lib/cakephp/lib/Cake/View/View.php, line 418
include - APP/View/Templates/populate_event_from_template.ctp, line 24
View::_evaluate() - APP/Lib/cakephp/lib/Cake/View/View.php, line 971
View::_render() - APP/Lib/cakephp/lib/Cake/View/View.php, line 933
View::render() - APP/Lib/cakephp/lib/Cake/View/View.php, line 473
Controller::render() - APP/Lib/cakephp/lib/Cake/Controller/Controller.php, line 963
Dispatcher::_invoke() - APP/Lib/cakephp/lib/Cake/Routing/Dispatcher.php, line 200
Dispatcher::dispatch() - APP/Lib/cakephp/lib/Cake/Routing/Dispatcher.php, line 167
[main] - APP/webroot/index.php, line 92

2019-01-10 09:34:55 Notice: Notice (8): Undefined variable: errors in [/var/www/MISP/app/View/Elements/templateElements/populateTemplateFile.ctp, line 21]
Trace:
ErrorHandler::handleError() - APP/Lib/cakephp/lib/Cake/Error/ErrorHandler.php, line 230
include - APP/View/Elements/templateElements/populateTemplateFile.ctp, line 21
View::_evaluate() - APP/Lib/cakephp/lib/Cake/View/View.php, line 971
View::_render() - APP/Lib/cakephp/lib/Cake/View/View.php, line 933
View::_renderElement() - APP/Lib/cakephp/lib/Cake/View/View.php, line 1224
View::element() - APP/Lib/cakephp/lib/Cake/View/View.php, line 418
include - APP/View/Templates/populate_event_from_template.ctp, line 24
View::_evaluate() - APP/Lib/cakephp/lib/Cake/View/View.php, line 971
View::_render() - APP/Lib/cakephp/lib/Cake/View/View.php, line 933
View::render() - APP/Lib/cakephp/lib/Cake/View/View.php, line 473
Controller::render() - APP/Lib/cakephp/lib/Cake/Controller/Controller.php, line 963
Dispatcher::_invoke() - APP/Lib/cakephp/lib/Cake/Routing/Dispatcher.php, line 200
Dispatcher::dispatch() - APP/Lib/cakephp/lib/Cake/Routing/Dispatcher.php, line 167
[main] - APP/webroot/index.php, line 92

2019-01-10 09:34:55 Notice: Notice (8): Undefined variable: errors in [/var/www/MISP/app/View/Elements/templateElements/populateTemplateAttribute.ctp, line 68]
Trace:
ErrorHandler::handleError() - APP/Lib/cakephp/lib/Cake/Error/ErrorHandler.php, line 230
include - APP/View/Elements/templateElements/populateTemplateAttribute.ctp, line 68
View::_evaluate() - APP/Lib/cakephp/lib/Cake/View/View.php, line 971
View::_render() - APP/Lib/cakephp/lib/Cake/View/View.php, line 933
View::_renderElement() - APP/Lib/cakephp/lib/Cake/View/View.php, line 1224
View::element() - APP/Lib/cakephp/lib/Cake/View/View.php, line 418
include - APP/View/Templates/populate_event_from_template.ctp, line 24
View::_evaluate() - APP/Lib/cakephp/lib/Cake/View/View.php, line 971
View::_render() - APP/Lib/cakephp/lib/Cake/View/View.php, line 933
View::render() - APP/Lib/cakephp/lib/Cake/View/View.php, line 473
Controller::render() - APP/Lib/cakephp/lib/Cake/Controller/Controller.php, line 963
Dispatcher::_invoke() - APP/Lib/cakephp/lib/Cake/Routing/Dispatcher.php, line 200
Dispatcher::dispatch() - APP/Lib/cakephp/lib/Cake/Routing/Dispatcher.php, line 167
[main] - APP/webroot/index.php, line 92

2019-01-10 09:34:55 Notice: Notice (8): Undefined variable: errors in [/var/www/MISP/app/View/Elements/templateElements/populateTemplateAttribute.ctp, line 68]
Trace:
ErrorHandler::handleError() - APP/Lib/cakephp/lib/Cake/Error/ErrorHandler.php, line 230
include - APP/View/Elements/templateElements/populateTemplateAttribute.ctp, line 68
View::_evaluate() - APP/Lib/cakephp/lib/Cake/View/View.php, line 971
View::_render() - APP/Lib/cakephp/lib/Cake/View/View.php, line 933
View::_renderElement() - APP/Lib/cakephp/lib/Cake/View/View.php, line 1224
View::element() - APP/Lib/cakephp/lib/Cake/View/View.php, line 418
include - APP/View/Templates/populate_event_from_template.ctp, line 24
View::_evaluate() - APP/Lib/cakephp/lib/Cake/View/View.php, line 971
View::_render() - APP/Lib/cakephp/lib/Cake/View/View.php, line 933
View::render() - APP/Lib/cakephp/lib/Cake/View/View.php, line 473
Controller::render() - APP/Lib/cakephp/lib/Cake/Controller/Controller.php, line 963
Dispatcher::_invoke() - APP/Lib/cakephp/lib/Cake/Routing/Dispatcher.php, line 200
Dispatcher::dispatch() - APP/Lib/cakephp/lib/Cake/Routing/Dispatcher.php, line 167
[main] - APP/webroot/index.php, line 92

2019-01-10 09:34:55 Notice: Notice (8): Undefined variable: errors in [/var/www/MISP/app/View/Elements/templateElements/populateTemplateAttribute.ctp, line 68]
Trace:
ErrorHandler::handleError() - APP/Lib/cakephp/lib/Cake/Error/ErrorHandler.php, line 230
include - APP/View/Elements/templateElements/populateTemplateAttribute.ctp, line 68
View::_evaluate() - APP/Lib/cakephp/lib/Cake/View/View.php, line 971
View::_render() - APP/Lib/cakephp/lib/Cake/View/View.php, line 933
View::_renderElement() - APP/Lib/cakephp/lib/Cake/View/View.php, line 1224
View::element() - APP/Lib/cakephp/lib/Cake/View/View.php, line 418
include - APP/View/Templates/populate_event_from_template.ctp, line 24
View::_evaluate() - APP/Lib/cakephp/lib/Cake/View/View.php, line 971
View::_render() - APP/Lib/cakephp/lib/Cake/View/View.php, line 933
View::render() - APP/Lib/cakephp/lib/Cake/View/View.php, line 473
Controller::render() - APP/Lib/cakephp/lib/Cake/Controller/Controller.php, line 963
Dispatcher::_invoke() - APP/Lib/cakephp/lib/Cake/Routing/Dispatcher.php, line 200
Dispatcher::dispatch() - APP/Lib/cakephp/lib/Cake/Routing/Dispatcher.php, line 167
[main] - APP/webroot/index.php, line 92

2019-01-10 09:34:55 Notice: Notice (8): Undefined variable: errors in [/var/www/MISP/app/View/Elements/templateElements/populateTemplateAttribute.ctp, line 68]
Trace:
ErrorHandler::handleError() - APP/Lib/cakephp/lib/Cake/Error/ErrorHandler.php, line 230
include - APP/View/Elements/templateElements/populateTemplateAttribute.ctp, line 68
View::_evaluate() - APP/Lib/cakephp/lib/Cake/View/View.php, line 971
View::_render() - APP/Lib/cakephp/lib/Cake/View/View.php, line 933
View::_renderElement() - APP/Lib/cakephp/lib/Cake/View/View.php, line 1224
View::element() - APP/Lib/cakephp/lib/Cake/View/View.php, line 418
include - APP/View/Templates/populate_event_from_template.ctp, line 24
View::_evaluate() - APP/Lib/cakephp/lib/Cake/View/View.php, line 971
View::_render() - APP/Lib/cakephp/lib/Cake/View/View.php, line 933
View::render() - APP/Lib/cakephp/lib/Cake/View/View.php, line 473
Controller::render() - APP/Lib/cakephp/lib/Cake/Controller/Controller.php, line 963
Dispatcher::_invoke() - APP/Lib/cakephp/lib/Cake/Routing/Dispatcher.php, line 200
Dispatcher::dispatch() - APP/Lib/cakephp/lib/Cake/Routing/Dispatcher.php, line 167
[main] - APP/webroot/index.php, line 92

2019-01-10 09:34:55 Notice: Notice (8): Undefined variable: errors in [/var/www/MISP/app/View/Elements/templateElements/populateTemplateAttribute.ctp, line 68]
Trace:
ErrorHandler::handleError() - APP/Lib/cakephp/lib/Cake/Error/ErrorHandler.php, line 230
include - APP/View/Elements/templateElements/populateTemplateAttribute.ctp, line 68
View::_evaluate() - APP/Lib/cakephp/lib/Cake/View/View.php, line 971
View::_render() - APP/Lib/cakephp/lib/Cake/View/View.php, line 933
View::_renderElement() - APP/Lib/cakephp/lib/Cake/View/View.php, line 1224
View::element() - APP/Lib/cakephp/lib/Cake/View/View.php, line 418
include - APP/View/Templates/populate_event_from_template.ctp, line 24
View::_evaluate() - APP/Lib/cakephp/lib/Cake/View/View.php, line 971
View::_render() - APP/Lib/cakephp/lib/Cake/View/View.php, line 933
View::render() - APP/Lib/cakephp/lib/Cake/View/View.php, line 473
Controller::render() - APP/Lib/cakephp/lib/Cake/Controller/Controller.php, line 963
Dispatcher::_invoke() - APP/Lib/cakephp/lib/Cake/Routing/Dispatcher.php, line 200
Dispatcher::dispatch() - APP/Lib/cakephp/lib/Cake/Routing/Dispatcher.php, line 167
[main] - APP/webroot/index.php, line 92

2019-01-10 09:35:23 Notice: Notice (8): Undefined offset: 30 in [/var/www/MISP/app/View/Elements/templateElements/populateTemplateFile.ctp, line 21]
Trace:
ErrorHandler::handleError() - APP/Lib/cakephp/lib/Cake/Error/ErrorHandler.php, line 230
include - APP/View/Elements/templateElements/populateTemplateFile.ctp, line 21
View::_evaluate() - APP/Lib/cakephp/lib/Cake/View/View.php, line 971
View::_render() - APP/Lib/cakephp/lib/Cake/View/View.php, line 933
View::_renderElement() - APP/Lib/cakephp/lib/Cake/View/View.php, line 1224
View::element() - APP/Lib/cakephp/lib/Cake/View/View.php, line 418
include - APP/View/Templates/populate_event_from_template.ctp, line 24
View::_evaluate() - APP/Lib/cakephp/lib/Cake/View/View.php, line 971
View::_render() - APP/Lib/cakephp/lib/Cake/View/View.php, line 933
View::render() - APP/Lib/cakephp/lib/Cake/View/View.php, line 473
Controller::render() - APP/Lib/cakephp/lib/Cake/Controller/Controller.php, line 963
Dispatcher::_invoke() - APP/Lib/cakephp/lib/Cake/Routing/Dispatcher.php, line 200
Dispatcher::dispatch() - APP/Lib/cakephp/lib/Cake/Routing/Dispatcher.php, line 167
[main] - APP/webroot/index.php, line 92

2019-01-10 09:35:23 Notice: Notice (8): Undefined offset: 36 in [/var/www/MISP/app/View/Elements/templateElements/populateTemplateAttribute.ctp, line 68]
Trace:
ErrorHandler::handleError() - APP/Lib/cakephp/lib/Cake/Error/ErrorHandler.php, line 230
include - APP/View/Elements/templateElements/populateTemplateAttribute.ctp, line 68
View::_evaluate() - APP/Lib/cakephp/lib/Cake/View/View.php, line 971
View::_render() - APP/Lib/cakephp/lib/Cake/View/View.php, line 933
View::_renderElement() - APP/Lib/cakephp/lib/Cake/View/View.php, line 1224
View::element() - APP/Lib/cakephp/lib/Cake/View/View.php, line 418
include - APP/View/Templates/populate_event_from_template.ctp, line 24
View::_evaluate() - APP/Lib/cakephp/lib/Cake/View/View.php, line 971
View::_render() - APP/Lib/cakephp/lib/Cake/View/View.php, line 933
View::render() - APP/Lib/cakephp/lib/Cake/View/View.php, line 473
Controller::render() - APP/Lib/cakephp/lib/Cake/Controller/Controller.php, line 963
Dispatcher::_invoke() - APP/Lib/cakephp/lib/Cake/Routing/Dispatcher.php, line 200
Dispatcher::dispatch() - APP/Lib/cakephp/lib/Cake/Routing/Dispatcher.php, line 167
[main] - APP/webroot/index.php, line 92

2019-01-10 09:35:23 Notice: Notice (8): Undefined offset: 37 in [/var/www/MISP/app/View/Elements/templateElements/populateTemplateAttribute.ctp, line 68]
Trace:
ErrorHandler::handleError() - APP/Lib/cakephp/lib/Cake/Error/ErrorHandler.php, line 230
include - APP/View/Elements/templateElements/populateTemplateAttribute.ctp, line 68
View::_evaluate() - APP/Lib/cakephp/lib/Cake/View/View.php, line 971
View::_render() - APP/Lib/cakephp/lib/Cake/View/View.php, line 933
View::_renderElement() - APP/Lib/cakephp/lib/Cake/View/View.php, line 1224
View::element() - APP/Lib/cakephp/lib/Cake/View/View.php, line 418
include - APP/View/Templates/populate_event_from_template.ctp, line 24
View::_evaluate() - APP/Lib/cakephp/lib/Cake/View/View.php, line 971
View::_render() - APP/Lib/cakephp/lib/Cake/View/View.php, line 933
View::render() - APP/Lib/cakephp/lib/Cake/View/View.php, line 473
Controller::render() - APP/Lib/cakephp/lib/Cake/Controller/Controller.php, line 963
Dispatcher::_invoke() - APP/Lib/cakephp/lib/Cake/Routing/Dispatcher.php, line 200
Dispatcher::dispatch() - APP/Lib/cakephp/lib/Cake/Routing/Dispatcher.php, line 167
[main] - APP/webroot/index.php, line 92

2019-01-10 09:35:23 Notice: Notice (8): Undefined offset: 38 in [/var/www/MISP/app/View/Elements/templateElements/populateTemplateAttribute.ctp, line 68]
Trace:
ErrorHandler::handleError() - APP/Lib/cakephp/lib/Cake/Error/ErrorHandler.php, line 230
include - APP/View/Elements/templateElements/populateTemplateAttribute.ctp, line 68
View::_evaluate() - APP/Lib/cakephp/lib/Cake/View/View.php, line 971
View::_render() - APP/Lib/cakephp/lib/Cake/View/View.php, line 933
View::_renderElement() - APP/Lib/cakephp/lib/Cake/View/View.php, line 1224
View::element() - APP/Lib/cakephp/lib/Cake/View/View.php, line 418
include - APP/View/Templates/populate_event_from_template.ctp, line 24
View::_evaluate() - APP/Lib/cakephp/lib/Cake/View/View.php, line 971
View::_render() - APP/Lib/cakephp/lib/Cake/View/View.php, line 933
View::render() - APP/Lib/cakephp/lib/Cake/View/View.php, line 473
Controller::render() - APP/Lib/cakephp/lib/Cake/Controller/Controller.php, line 963
Dispatcher::_invoke() - APP/Lib/cakephp/lib/Cake/Routing/Dispatcher.php, line 200
Dispatcher::dispatch() - APP/Lib/cakephp/lib/Cake/Routing/Dispatcher.php, line 167
[main] - APP/webroot/index.php, line 92

2019-01-10 09:35:23 Notice: Notice (8): Undefined offset: 39 in [/var/www/MISP/app/View/Elements/templateElements/populateTemplateAttribute.ctp, line 68]
Trace:
ErrorHandler::handleError() - APP/Lib/cakephp/lib/Cake/Error/ErrorHandler.php, line 230
include - APP/View/Elements/templateElements/populateTemplateAttribute.ctp, line 68
View::_evaluate() - APP/Lib/cakephp/lib/Cake/View/View.php, line 971
View::_render() - APP/Lib/cakephp/lib/Cake/View/View.php, line 933
View::_renderElement() - APP/Lib/cakephp/lib/Cake/View/View.php, line 1224
View::element() - APP/Lib/cakephp/lib/Cake/View/View.php, line 418
include - APP/View/Templates/populate_event_from_template.ctp, line 24
View::_evaluate() - APP/Lib/cakephp/lib/Cake/View/View.php, line 971
View::_render() - APP/Lib/cakephp/lib/Cake/View/View.php, line 933
View::render() - APP/Lib/cakephp/lib/Cake/View/View.php, line 473
Controller::render() - APP/Lib/cakephp/lib/Cake/Controller/Controller.php, line 963
Dispatcher::_invoke() - APP/Lib/cakephp/lib/Cake/Routing/Dispatcher.php, line 200
Dispatcher::dispatch() - APP/Lib/cakephp/lib/Cake/Routing/Dispatcher.php, line 167
[main] - APP/webroot/index.php, line 92

2019-01-10 09:35:23 Notice: Notice (8): Undefined offset: 40 in [/var/www/MISP/app/View/Elements/templateElements/populateTemplateFile.ctp, line 21]
Trace:
ErrorHandler::handleError() - APP/Lib/cakephp/lib/Cake/Error/ErrorHandler.php, line 230
include - APP/View/Elements/templateElements/populateTemplateFile.ctp, line 21
View::_evaluate() - APP/Lib/cakephp/lib/Cake/View/View.php, line 971
View::_render() - APP/Lib/cakephp/lib/Cake/View/View.php, line 933
View::_renderElement() - APP/Lib/cakephp/lib/Cake/View/View.php, line 1224
View::element() - APP/Lib/cakephp/lib/Cake/View/View.php, line 418
include - APP/View/Templates/populate_event_from_template.ctp, line 24
View::_evaluate() - APP/Lib/cakephp/lib/Cake/View/View.php, line 971
View::_render() - APP/Lib/cakephp/lib/Cake/View/View.php, line 933
View::render() - APP/Lib/cakephp/lib/Cake/View/View.php, line 473
Controller::render() - APP/Lib/cakephp/lib/Cake/Controller/Controller.php, line 963
Dispatcher::_invoke() - APP/Lib/cakephp/lib/Cake/Routing/Dispatcher.php, line 200
Dispatcher::dispatch() - APP/Lib/cakephp/lib/Cake/Routing/Dispatcher.php, line 167
[main] - APP/webroot/index.php, line 92

2019-01-10 09:35:23 Notice: Notice (8): Undefined offset: 34 in [/var/www/MISP/app/View/Elements/templateElements/populateTemplateAttribute.ctp, line 68]
Trace:
ErrorHandler::handleError() - APP/Lib/cakephp/lib/Cake/Error/ErrorHandler.php, line 230
include - APP/View/Elements/templateElements/populateTemplateAttribute.ctp, line 68
View::_evaluate() - APP/Lib/cakephp/lib/Cake/View/View.php, line 971
View::_render() - APP/Lib/cakephp/lib/Cake/View/View.php, line 933
View::_renderElement() - APP/Lib/cakephp/lib/Cake/View/View.php, line 1224
View::element() - APP/Lib/cakephp/lib/Cake/View/View.php, line 418
include - APP/View/Templates/populate_event_from_template.ctp, line 24
View::_evaluate() - APP/Lib/cakephp/lib/Cake/View/View.php, line 971
View::_render() - APP/Lib/cakephp/lib/Cake/View/View.php, line 933
View::render() - APP/Lib/cakephp/lib/Cake/View/View.php, line 473
Controller::render() - APP/Lib/cakephp/lib/Cake/Controller/Controller.php, line 963
Dispatcher::_invoke() - APP/Lib/cakephp/lib/Cake/Routing/Dispatcher.php, line 200
Dispatcher::dispatch() - APP/Lib/cakephp/lib/Cake/Routing/Dispatcher.php, line 167
[main] - APP/webroot/index.php, line 92

2019-01-10 09:35:23 Notice: Notice (8): Undefined offset: 35 in [/var/www/MISP/app/View/Elements/templateElements/populateTemplateAttribute.ctp, line 68]
Trace:
ErrorHandler::handleError() - APP/Lib/cakephp/lib/Cake/Error/ErrorHandler.php, line 230
include - APP/View/Elements/templateElements/populateTemplateAttribute.ctp, line 68
View::_evaluate() - APP/Lib/cakephp/lib/Cake/View/View.php, line 971
View::_render() - APP/Lib/cakephp/lib/Cake/View/View.php, line 933
View::_renderElement() - APP/Lib/cakephp/lib/Cake/View/View.php, line 1224
View::element() - APP/Lib/cakephp/lib/Cake/View/View.php, line 418
include - APP/View/Templates/populate_event_from_template.ctp, line 24
View::_evaluate() - APP/Lib/cakephp/lib/Cake/View/View.php, line 971
View::_render() - APP/Lib/cakephp/lib/Cake/View/View.php, line 933
View::render() - APP/Lib/cakephp/lib/Cake/View/View.php, line 473
Controller::render() - APP/Lib/cakephp/lib/Cake/Controller/Controller.php, line 963
Dispatcher::_invoke() - APP/Lib/cakephp/lib/Cake/Routing/Dispatcher.php, line 200
Dispatcher::dispatch() - APP/Lib/cakephp/lib/Cake/Routing/Dispatcher.php, line 167
[main] - APP/webroot/index.php, line 92

2019-01-10 09:35:23 Notice: Notice (8): Undefined offset: 42 in [/var/www/MISP/app/View/Elements/templateElements/populateTemplateAttribute.ctp, line 68]
Trace:
ErrorHandler::handleError() - APP/Lib/cakephp/lib/Cake/Error/ErrorHandler.php, line 230
include - APP/View/Elements/templateElements/populateTemplateAttribute.ctp, line 68
View::_evaluate() - APP/Lib/cakephp/lib/Cake/View/View.php, line 971
View::_render() - APP/Lib/cakephp/lib/Cake/View/View.php, line 933
View::_renderElement() - APP/Lib/cakephp/lib/Cake/View/View.php, line 1224
View::element() - APP/Lib/cakephp/lib/Cake/View/View.php, line 418
include - APP/View/Templates/populate_event_from_template.ctp, line 24
View::_evaluate() - APP/Lib/cakephp/lib/Cake/View/View.php, line 971
View::_render() - APP/Lib/cakephp/lib/Cake/View/View.php, line 933
View::render() - APP/Lib/cakephp/lib/Cake/View/View.php, line 473
Controller::render() - APP/Lib/cakephp/lib/Cake/Controller/Controller.php, line 963
Dispatcher::_invoke() - APP/Lib/cakephp/lib/Cake/Routing/Dispatcher.php, line 200
Dispatcher::dispatch() - APP/Lib/cakephp/lib/Cake/Routing/Dispatcher.php, line 167
[main] - APP/webroot/index.php, line 92

2019-01-10 09:35:23 Notice: Notice (8): Undefined offset: 43 in [/var/www/MISP/app/View/Elements/templateElements/populateTemplateAttribute.ctp, line 68]
Trace:
ErrorHandler::handleError() - APP/Lib/cakephp/lib/Cake/Error/ErrorHandler.php, line 230
include - APP/View/Elements/templateElements/populateTemplateAttribute.ctp, line 68
View::_evaluate() - APP/Lib/cakephp/lib/Cake/View/View.php, line 971
View::_render() - APP/Lib/cakephp/lib/Cake/View/View.php, line 933
View::_renderElement() - APP/Lib/cakephp/lib/Cake/View/View.php, line 1224
View::element() - APP/Lib/cakephp/lib/Cake/View/View.php, line 418
include - APP/View/Templates/populate_event_from_template.ctp, line 24
View::_evaluate() - APP/Lib/cakephp/lib/Cake/View/View.php, line 971
View::_render() - APP/Lib/cakephp/lib/Cake/View/View.php, line 933
View::render() - APP/Lib/cakephp/lib/Cake/View/View.php, line 473
Controller::render() - APP/Lib/cakephp/lib/Cake/Controller/Controller.php, line 963
Dispatcher::_invoke() - APP/Lib/cakephp/lib/Cake/Routing/Dispatcher.php, line 200
Dispatcher::dispatch() - APP/Lib/cakephp/lib/Cake/Routing/Dispatcher.php, line 167
[main] - APP/webroot/index.php, line 92

2019-01-10 09:35:23 Notice: Notice (8): Undefined offset: 44 in [/var/www/MISP/app/View/Elements/templateElements/populateTemplateAttribute.ctp, line 68]
Trace:
ErrorHandler::handleError() - APP/Lib/cakephp/lib/Cake/Error/ErrorHandler.php, line 230
include - APP/View/Elements/templateElements/populateTemplateAttribute.ctp, line 68
View::_evaluate() - APP/Lib/cakephp/lib/Cake/View/View.php, line 971
View::_render() - APP/Lib/cakephp/lib/Cake/View/View.php, line 933
View::_renderElement() - APP/Lib/cakephp/lib/Cake/View/View.php, line 1224
View::element() - APP/Lib/cakephp/lib/Cake/View/View.php, line 418
include - APP/View/Templates/populate_event_from_template.ctp, line 24
View::_evaluate() - APP/Lib/cakephp/lib/Cake/View/View.php, line 971
View::_render() - APP/Lib/cakephp/lib/Cake/View/View.php, line 933
View::render() - APP/Lib/cakephp/lib/Cake/View/View.php, line 473
Controller::render() - APP/Lib/cakephp/lib/Cake/Controller/Controller.php, line 963
Dispatcher::_invoke() - APP/Lib/cakephp/lib/Cake/Routing/Dispatcher.php, line 200
Dispatcher::dispatch() - APP/Lib/cakephp/lib/Cake/Routing/Dispatcher.php, line 167
[main] - APP/webroot/index.php, line 92

2019-01-10 09:35:30 Notice: Notice (8): Undefined variable: errors in [/var/www/MISP/app/View/Elements/templateElements/populateTemplateFile.ctp, line 21]
Trace:
ErrorHandler::handleError() - APP/Lib/cakephp/lib/Cake/Error/ErrorHandler.php, line 230
include - APP/View/Elements/templateElements/populateTemplateFile.ctp, line 21
View::_evaluate() - APP/Lib/cakephp/lib/Cake/View/View.php, line 971
View::_render() - APP/Lib/cakephp/lib/Cake/View/View.php, line 933
View::_renderElement() - APP/Lib/cakephp/lib/Cake/View/View.php, line 1224
View::element() - APP/Lib/cakephp/lib/Cake/View/View.php, line 418
include - APP/View/Templates/populate_event_from_template.ctp, line 24
View::_evaluate() - APP/Lib/cakephp/lib/Cake/View/View.php, line 971
View::_render() - APP/Lib/cakephp/lib/Cake/View/View.php, line 933
View::render() - APP/Lib/cakephp/lib/Cake/View/View.php, line 473
Controller::render() - APP/Lib/cakephp/lib/Cake/Controller/Controller.php, line 963
Dispatcher::_invoke() - APP/Lib/cakephp/lib/Cake/Routing/Dispatcher.php, line 200
Dispatcher::dispatch() - APP/Lib/cakephp/lib/Cake/Routing/Dispatcher.php, line 167
[main] - APP/webroot/index.php, line 92

2019-01-10 09:35:30 Notice: Notice (8): Undefined variable: errors in [/var/www/MISP/app/View/Elements/templateElements/populateTemplateAttribute.ctp, line 68]
Trace:
ErrorHandler::handleError() - APP/Lib/cakephp/lib/Cake/Error/ErrorHandler.php, line 230
include - APP/View/Elements/templateElements/populateTemplateAttribute.ctp, line 68
View::_evaluate() - APP/Lib/cakephp/lib/Cake/View/View.php, line 971
View::_render() - APP/Lib/cakephp/lib/Cake/View/View.php, line 933
View::_renderElement() - APP/Lib/cakephp/lib/Cake/View/View.php, line 1224
View::element() - APP/Lib/cakephp/lib/Cake/View/View.php, line 418
include - APP/View/Templates/populate_event_from_template.ctp, line 24
View::_evaluate() - APP/Lib/cakephp/lib/Cake/View/View.php, line 971
View::_render() - APP/Lib/cakephp/lib/Cake/View/View.php, line 933
View::render() - APP/Lib/cakephp/lib/Cake/View/View.php, line 473
Controller::render() - APP/Lib/cakephp/lib/Cake/Controller/Controller.php, line 963
Dispatcher::_invoke() - APP/Lib/cakephp/lib/Cake/Routing/Dispatcher.php, line 200
Dispatcher::dispatch() - APP/Lib/cakephp/lib/Cake/Routing/Dispatcher.php, line 167
[main] - APP/webroot/index.php, line 92

2019-01-10 09:35:30 Notice: Notice (8): Undefined variable: errors in [/var/www/MISP/app/View/Elements/templateElements/populateTemplateAttribute.ctp, line 68]
Trace:
ErrorHandler::handleError() - APP/Lib/cakephp/lib/Cake/Error/ErrorHandler.php, line 230
include - APP/View/Elements/templateElements/populateTemplateAttribute.ctp, line 68
View::_evaluate() - APP/Lib/cakephp/lib/Cake/View/View.php, line 971
View::_render() - APP/Lib/cakephp/lib/Cake/View/View.php, line 933
View::_renderElement() - APP/Lib/cakephp/lib/Cake/View/View.php, line 1224
View::element() - APP/Lib/cakephp/lib/Cake/View/View.php, line 418
include - APP/View/Templates/populate_event_from_template.ctp, line 24
View::_evaluate() - APP/Lib/cakephp/lib/Cake/View/View.php, line 971
View::_render() - APP/Lib/cakephp/lib/Cake/View/View.php, line 933
View::render() - APP/Lib/cakephp/lib/Cake/View/View.php, line 473
Controller::render() - APP/Lib/cakephp/lib/Cake/Controller/Controller.php, line 963
Dispatcher::_invoke() - APP/Lib/cakephp/lib/Cake/Routing/Dispatcher.php, line 200
Dispatcher::dispatch() - APP/Lib/cakephp/lib/Cake/Routing/Dispatcher.php, line 167
[main] - APP/webroot/index.php, line 92

2019-01-10 09:35:30 Notice: Notice (8): Undefined variable: errors in [/var/www/MISP/app/View/Elements/templateElements/populateTemplateAttribute.ctp, line 68]
Trace:
ErrorHandler::handleError() - APP/Lib/cakephp/lib/Cake/Error/ErrorHandler.php, line 230
include - APP/View/Elements/templateElements/populateTemplateAttribute.ctp, line 68
View::_evaluate() - APP/Lib/cakephp/lib/Cake/View/View.php, line 971
View::_render() - APP/Lib/cakephp/lib/Cake/View/View.php, line 933
View::_renderElement() - APP/Lib/cakephp/lib/Cake/View/View.php, line 1224
View::element() - APP/Lib/cakephp/lib/Cake/View/View.php, line 418
include - APP/View/Templates/populate_event_from_template.ctp, line 24
View::_evaluate() - APP/Lib/cakephp/lib/Cake/View/View.php, line 971
View::_render() - APP/Lib/cakephp/lib/Cake/View/View.php, line 933
View::render() - APP/Lib/cakephp/lib/Cake/View/View.php, line 473
Controller::render() - APP/Lib/cakephp/lib/Cake/Controller/Controller.php, line 963
Dispatcher::_invoke() - APP/Lib/cakephp/lib/Cake/Routing/Dispatcher.php, line 200
Dispatcher::dispatch() - APP/Lib/cakephp/lib/Cake/Routing/Dispatcher.php, line 167
[main] - APP/webroot/index.php, line 92

2019-01-10 09:35:30 Notice: Notice (8): Undefined variable: errors in [/var/www/MISP/app/View/Elements/templateElements/populateTemplateAttribute.ctp, line 68]
Trace:
ErrorHandler::handleError() - APP/Lib/cakephp/lib/Cake/Error/ErrorHandler.php, line 230
include - APP/View/Elements/templateElements/populateTemplateAttribute.ctp, line 68
View::_evaluate() - APP/Lib/cakephp/lib/Cake/View/View.php, line 971
View::_render() - APP/Lib/cakephp/lib/Cake/View/View.php, line 933
View::_renderElement() - APP/Lib/cakephp/lib/Cake/View/View.php, line 1224
View::element() - APP/Lib/cakephp/lib/Cake/View/View.php, line 418
include - APP/View/Templates/populate_event_from_template.ctp, line 24
View::_evaluate() - APP/Lib/cakephp/lib/Cake/View/View.php, line 971
View::_render() - APP/Lib/cakephp/lib/Cake/View/View.php, line 933
View::render() - APP/Lib/cakephp/lib/Cake/View/View.php, line 473
Controller::render() - APP/Lib/cakephp/lib/Cake/Controller/Controller.php, line 963
Dispatcher::_invoke() - APP/Lib/cakephp/lib/Cake/Routing/Dispatcher.php, line 200
Dispatcher::dispatch() - APP/Lib/cakephp/lib/Cake/Routing/Dispatcher.php, line 167
[main] - APP/webroot/index.php, line 92

2019-01-10 09:35:30 Notice: Notice (8): Undefined variable: errors in [/var/www/MISP/app/View/Elements/templateElements/populateTemplateFile.ctp, line 21]
Trace:
ErrorHandler::handleError() - APP/Lib/cakephp/lib/Cake/Error/ErrorHandler.php, line 230
include - APP/View/Elements/templateElements/populateTemplateFile.ctp, line 21
View::_evaluate() - APP/Lib/cakephp/lib/Cake/View/View.php, line 971
View::_render() - APP/Lib/cakephp/lib/Cake/View/View.php, line 933
View::_renderElement() - APP/Lib/cakephp/lib/Cake/View/View.php, line 1224
View::element() - APP/Lib/cakephp/lib/Cake/View/View.php, line 418
include - APP/View/Templates/populate_event_from_template.ctp, line 24
View::_evaluate() - APP/Lib/cakephp/lib/Cake/View/View.php, line 971
View::_render() - APP/Lib/cakephp/lib/Cake/View/View.php, line 933
View::render() - APP/Lib/cakephp/lib/Cake/View/View.php, line 473
Controller::render() - APP/Lib/cakephp/lib/Cake/Controller/Controller.php, line 963
Dispatcher::_invoke() - APP/Lib/cakephp/lib/Cake/Routing/Dispatcher.php, line 200
Dispatcher::dispatch() - APP/Lib/cakephp/lib/Cake/Routing/Dispatcher.php, line 167
[main] - APP/webroot/index.php, line 92

2019-01-10 09:35:30 Notice: Notice (8): Undefined variable: errors in [/var/www/MISP/app/View/Elements/templateElements/populateTemplateAttribute.ctp, line 68]
Trace:
ErrorHandler::handleError() - APP/Lib/cakephp/lib/Cake/Error/ErrorHandler.php, line 230
include - APP/View/Elements/templateElements/populateTemplateAttribute.ctp, line 68
View::_evaluate() - APP/Lib/cakephp/lib/Cake/View/View.php, line 971
View::_render() - APP/Lib/cakephp/lib/Cake/View/View.php, line 933
View::_renderElement() - APP/Lib/cakephp/lib/Cake/View/View.php, line 1224
View::element() - APP/Lib/cakephp/lib/Cake/View/View.php, line 418
include - APP/View/Templates/populate_event_from_template.ctp, line 24
View::_evaluate() - APP/Lib/cakephp/lib/Cake/View/View.php, line 971
View::_render() - APP/Lib/cakephp/lib/Cake/View/View.php, line 933
View::render() - APP/Lib/cakephp/lib/Cake/View/View.php, line 473
Controller::render() - APP/Lib/cakephp/lib/Cake/Controller/Controller.php, line 963
Dispatcher::_invoke() - APP/Lib/cakephp/lib/Cake/Routing/Dispatcher.php, line 200
Dispatcher::dispatch() - APP/Lib/cakephp/lib/Cake/Routing/Dispatcher.php, line 167
[main] - APP/webroot/index.php, line 92

2019-01-10 09:35:30 Notice: Notice (8): Undefined variable: errors in [/var/www/MISP/app/View/Elements/templateElements/populateTemplateAttribute.ctp, line 68]
Trace:
ErrorHandler::handleError() - APP/Lib/cakephp/lib/Cake/Error/ErrorHandler.php, line 230
include - APP/View/Elements/templateElements/populateTemplateAttribute.ctp, line 68
View::_evaluate() - APP/Lib/cakephp/lib/Cake/View/View.php, line 971
View::_render() - APP/Lib/cakephp/lib/Cake/View/View.php, line 933
View::_renderElement() - APP/Lib/cakephp/lib/Cake/View/View.php, line 1224
View::element() - APP/Lib/cakephp/lib/Cake/View/View.php, line 418
include - APP/View/Templates/populate_event_from_template.ctp, line 24
View::_evaluate() - APP/Lib/cakephp/lib/Cake/View/View.php, line 971
View::_render() - APP/Lib/cakephp/lib/Cake/View/View.php, line 933
View::render() - APP/Lib/cakephp/lib/Cake/View/View.php, line 473
Controller::render() - APP/Lib/cakephp/lib/Cake/Controller/Controller.php, line 963
Dispatcher::_invoke() - APP/Lib/cakephp/lib/Cake/Routing/Dispatcher.php, line 200
Dispatcher::dispatch() - APP/Lib/cakephp/lib/Cake/Routing/Dispatcher.php, line 167
[main] - APP/webroot/index.php, line 92

2019-01-10 09:35:30 Notice: Notice (8): Undefined variable: errors in [/var/www/MISP/app/View/Elements/templateElements/populateTemplateAttribute.ctp, line 68]
Trace:
ErrorHandler::handleError() - APP/Lib/cakephp/lib/Cake/Error/ErrorHandler.php, line 230
include - APP/View/Elements/templateElements/populateTemplateAttribute.ctp, line 68
View::_evaluate() - APP/Lib/cakephp/lib/Cake/View/View.php, line 971
View::_render() - APP/Lib/cakephp/lib/Cake/View/View.php, line 933
View::_renderElement() - APP/Lib/cakephp/lib/Cake/View/View.php, line 1224
View::element() - APP/Lib/cakephp/lib/Cake/View/View.php, line 418
include - APP/View/Templates/populate_event_from_template.ctp, line 24
View::_evaluate() - APP/Lib/cakephp/lib/Cake/View/View.php, line 971
View::_render() - APP/Lib/cakephp/lib/Cake/View/View.php, line 933
View::render() - APP/Lib/cakephp/lib/Cake/View/View.php, line 473
Controller::render() - APP/Lib/cakephp/lib/Cake/Controller/Controller.php, line 963
Dispatcher::_invoke() - APP/Lib/cakephp/lib/Cake/Routing/Dispatcher.php, line 200
Dispatcher::dispatch() - APP/Lib/cakephp/lib/Cake/Routing/Dispatcher.php, line 167
[main] - APP/webroot/index.php, line 92

2019-01-10 09:35:30 Notice: Notice (8): Undefined variable: errors in [/var/www/MISP/app/View/Elements/templateElements/populateTemplateAttribute.ctp, line 68]
Trace:
ErrorHandler::handleError() - APP/Lib/cakephp/lib/Cake/Error/ErrorHandler.php, line 230
include - APP/View/Elements/templateElements/populateTemplateAttribute.ctp, line 68
View::_evaluate() - APP/Lib/cakephp/lib/Cake/View/View.php, line 971
View::_render() - APP/Lib/cakephp/lib/Cake/View/View.php, line 933
View::_renderElement() - APP/Lib/cakephp/lib/Cake/View/View.php, line 1224
View::element() - APP/Lib/cakephp/lib/Cake/View/View.php, line 418
include - APP/View/Templates/populate_event_from_template.ctp, line 24
View::_evaluate() - APP/Lib/cakephp/lib/Cake/View/View.php, line 971
View::_render() - APP/Lib/cakephp/lib/Cake/View/View.php, line 933
View::render() - APP/Lib/cakephp/lib/Cake/View/View.php, line 473
Controller::render() - APP/Lib/cakephp/lib/Cake/Controller/Controller.php, line 963
Dispatcher::_invoke() - APP/Lib/cakephp/lib/Cake/Routing/Dispatcher.php, line 200
Dispatcher::dispatch() - APP/Lib/cakephp/lib/Cake/Routing/Dispatcher.php, line 167
[main] - APP/webroot/index.php, line 92

2019-01-10 09:35:30 Notice: Notice (8): Undefined variable: errors in [/var/www/MISP/app/View/Elements/templateElements/populateTemplateAttribute.ctp, line 68]
Trace:
ErrorHandler::handleError() - APP/Lib/cakephp/lib/Cake/Error/ErrorHandler.php, line 230
include - APP/View/Elements/templateElements/populateTemplateAttribute.ctp, line 68
View::_evaluate() - APP/Lib/cakephp/lib/Cake/View/View.php, line 971
View::_render() - APP/Lib/cakephp/lib/Cake/View/View.php, line 933
View::_renderElement() - APP/Lib/cakephp/lib/Cake/View/View.php, line 1224
View::element() - APP/Lib/cakephp/lib/Cake/View/View.php, line 418
include - APP/View/Templates/populate_event_from_template.ctp, line 24
View::_evaluate() - APP/Lib/cakephp/lib/Cake/View/View.php, line 971
View::_render() - APP/Lib/cakephp/lib/Cake/View/View.php, line 933
View::render() - APP/Lib/cakephp/lib/Cake/View/View.php, line 473
Controller::render() - APP/Lib/cakephp/lib/Cake/Controller/Controller.php, line 963
Dispatcher::_invoke() - APP/Lib/cakephp/lib/Cake/Routing/Dispatcher.php, line 200
Dispatcher::dispatch() - APP/Lib/cakephp/lib/Cake/Routing/Dispatcher.php, line 167
[main] - APP/webroot/index.php, line 92

2019-01-11 02:32:02 Notice: Notice (8): Undefined index: email in [/var/www/MISP/app/Controller/UsersController.php, line 1255]
Trace:
ErrorHandler::handleError() - APP/Lib/cakephp/lib/Cake/Error/ErrorHandler.php, line 230
UsersController::__extralog() - APP/Controller/UsersController.php, line 1255
UsersController::change_pw() - APP/Controller/UsersController.php, line 200
ReflectionMethod::invokeArgs() - [internal], line ??
Controller::invokeAction() - APP/Lib/cakephp/lib/Cake/Controller/Controller.php, line 491
Dispatcher::_invoke() - APP/Lib/cakephp/lib/Cake/Routing/Dispatcher.php, line 193
Dispatcher::dispatch() - APP/Lib/cakephp/lib/Cake/Routing/Dispatcher.php, line 167
[main] - APP/webroot/index.php, line 92

2019-01-11 02:32:29 Notice: Notice (8): Undefined index: User in [/var/www/MISP/app/Controller/UsersController.php, line 1249]
Trace:
ErrorHandler::handleError() - APP/Lib/cakephp/lib/Cake/Error/ErrorHandler.php, line 230
UsersController::__extralog() - APP/Controller/UsersController.php, line 1249
UsersController::login() - APP/Controller/UsersController.php, line 963
ReflectionMethod::invokeArgs() - [internal], line ??
Controller::invokeAction() - APP/Lib/cakephp/lib/Cake/Controller/Controller.php, line 491
Dispatcher::_invoke() - APP/Lib/cakephp/lib/Cake/Routing/Dispatcher.php, line 193
Dispatcher::dispatch() - APP/Lib/cakephp/lib/Cake/Routing/Dispatcher.php, line 167
[main] - APP/webroot/index.php, line 92

2019-01-11 02:42:15 Notice: Notice (8): Undefined index: email in [/var/www/MISP/app/Controller/UsersController.php, line 1255]
Trace:
ErrorHandler::handleError() - APP/Lib/cakephp/lib/Cake/Error/ErrorHandler.php, line 230
UsersController::__extralog() - APP/Controller/UsersController.php, line 1255
UsersController::change_pw() - APP/Controller/UsersController.php, line 200
ReflectionMethod::invokeArgs() - [internal], line ??
Controller::invokeAction() - APP/Lib/cakephp/lib/Cake/Controller/Controller.php, line 491
Dispatcher::_invoke() - APP/Lib/cakephp/lib/Cake/Routing/Dispatcher.php, line 193
Dispatcher::dispatch() - APP/Lib/cakephp/lib/Cake/Routing/Dispatcher.php, line 167
[main] - APP/webroot/index.php, line 92

2019-01-11 07:31:52 Notice: Notice (8): Undefined index: User in [/var/www/MISP/app/Controller/UsersController.php, line 1249]
Trace:
ErrorHandler::handleError() - APP/Lib/cakephp/lib/Cake/Error/ErrorHandler.php, line 230
UsersController::__extralog() - APP/Controller/UsersController.php, line 1249
UsersController::login() - APP/Controller/UsersController.php, line 963
ReflectionMethod::invokeArgs() - [internal], line ??
Controller::invokeAction() - APP/Lib/cakephp/lib/Cake/Controller/Controller.php, line 491
Dispatcher::_invoke() - APP/Lib/cakephp/lib/Cake/Routing/Dispatcher.php, line 193
Dispatcher::dispatch() - APP/Lib/cakephp/lib/Cake/Routing/Dispatcher.php, line 167
[main] - APP/webroot/index.php, line 92

2019-01-11 07:51:39 Notice: Notice (8): Undefined index: User in [/var/www/MISP/app/Controller/UsersController.php, line 1249]
Trace:
ErrorHandler::handleError() - APP/Lib/cakephp/lib/Cake/Error/ErrorHandler.php, line 230
UsersController::__extralog() - APP/Controller/UsersController.php, line 1249
UsersController::login() - APP/Controller/UsersController.php, line 963
ReflectionMethod::invokeArgs() - [internal], line ??
Controller::invokeAction() - APP/Lib/cakephp/lib/Cake/Controller/Controller.php, line 491
Dispatcher::_invoke() - APP/Lib/cakephp/lib/Cake/Routing/Dispatcher.php, line 193
Dispatcher::dispatch() - APP/Lib/cakephp/lib/Cake/Routing/Dispatcher.php, line 167
[main] - APP/webroot/index.php, line 92

