[2019-01-03 11:46:58] main.INFO: Starting worker dev:8939:default {"type":"start","worker":"dev:8939:default"} []
[2019-01-03 11:46:59] main.INFO: Starting worker dev:8957:prio {"type":"start","worker":"dev:8957:prio"} []
[2019-01-03 11:46:59] main.INFO: Starting worker dev:8975:cache {"type":"start","worker":"dev:8975:cache"} []
[2019-01-03 11:46:59] main.INFO: Starting worker dev:8994:email {"type":"start","worker":"dev:8994:email"} []
[2019-01-03 12:14:01] main.INFO: Exiting... {"type":"shutdown","worker":"dev:8957"} []
[2019-01-03 12:14:01] main.INFO: Exiting... {"type":"shutdown","worker":"dev:8975"} []
[2019-01-03 12:14:01] main.INFO: CONT received; resuming job processing {"type":"resume","worker":"dev:8975"} []
[2019-01-03 12:14:01] main.INFO: Exiting... {"type":"shutdown","worker":"dev:8994"} []
[2019-01-03 12:14:01] main.INFO: CONT received; resuming job processing {"type":"resume","worker":"dev:8994"} []
[2019-01-03 12:14:01] main.INFO: CONT received; resuming job processing {"type":"resume","worker":"dev:8957"} []
[2019-01-03 12:14:01] main.INFO: Exiting... {"type":"shutdown","worker":"dev:8939"} []
[2019-01-03 12:14:01] main.INFO: CONT received; resuming job processing {"type":"resume","worker":"dev:8939"} []
[2019-01-03 12:14:24] main.INFO: Starting worker dev:1047:default {"type":"start","worker":"dev:1047:default"} []
[2019-01-03 12:14:24] main.INFO: Starting worker dev:1144:prio {"type":"start","worker":"dev:1144:prio"} []
[2019-01-03 12:14:25] main.INFO: Starting worker dev:1184:cache {"type":"start","worker":"dev:1184:cache"} []
[2019-01-03 12:14:25] main.INFO: Starting worker dev:1212:email {"type":"start","worker":"dev:1212:email"} []
[2019-01-03 12:16:50] main.INFO: Exiting... {"type":"shutdown","worker":"dev:1047"} []
[2019-01-03 12:16:50] main.INFO: CONT received; resuming job processing {"type":"resume","worker":"dev:1047"} []
[2019-01-03 12:16:50] main.INFO: Exiting... {"type":"shutdown","worker":"dev:1144"} []
[2019-01-03 12:16:50] main.INFO: CONT received; resuming job processing {"type":"resume","worker":"dev:1144"} []
[2019-01-03 12:16:50] main.INFO: Exiting... {"type":"shutdown","worker":"dev:1184"} []
[2019-01-03 12:16:50] main.INFO: CONT received; resuming job processing {"type":"resume","worker":"dev:1184"} []
[2019-01-03 12:16:50] main.INFO: Exiting... {"type":"shutdown","worker":"dev:1212"} []
[2019-01-03 12:16:50] main.INFO: CONT received; resuming job processing {"type":"resume","worker":"dev:1212"} []
[2019-01-03 12:21:42] main.INFO: Starting worker dev:979:default {"type":"start","worker":"dev:979:default"} []
[2019-01-03 12:21:43] main.INFO: Starting worker dev:1154:prio {"type":"start","worker":"dev:1154:prio"} []
[2019-01-03 12:21:43] main.INFO: Starting worker dev:1185:cache {"type":"start","worker":"dev:1185:cache"} []
[2019-01-03 12:21:43] main.INFO: Starting worker dev:1222:email {"type":"start","worker":"dev:1222:email"} []
[2019-01-03 20:07:01] main.INFO: Exiting... {"type":"shutdown","worker":"dev:979"} []
[2019-01-03 20:07:01] main.INFO: Exiting... {"type":"shutdown","worker":"dev:1222"} []
[2019-01-03 20:07:01] main.INFO: Exiting... {"type":"shutdown","worker":"dev:1185"} []
[2019-01-03 20:07:01] main.INFO: Exiting... {"type":"shutdown","worker":"dev:1154"} []
[2019-01-03 20:07:02] main.INFO: Starting worker dev:6394:default {"type":"start","worker":"dev:6394:default"} []
[2019-01-03 20:07:02] main.INFO: Starting worker dev:6412:prio {"type":"start","worker":"dev:6412:prio"} []
[2019-01-03 20:07:02] main.INFO: Starting worker dev:6430:cache {"type":"start","worker":"dev:6430:cache"} []
[2019-01-03 20:07:03] main.INFO: Starting worker dev:6448:email {"type":"start","worker":"dev:6448:email"} []
